<?xml version="1.0" encoding="UTF-8"?>
<testsuite name="org.example.core.OrderMatchingTest" tests="1" skipped="0" failures="0" errors="0" timestamp="2024-10-14T13:41:24" hostname="Maxs-MBP" time="0.419">
  <properties/>
  <testcase name="testOrderMatching()" classname="org.example.core.OrderMatchingTest" time="0.419"/>
  <system-out><![CDATA[New: Order: BTC-USD(1.50, BUY)
Order added to book: Order{instrument='BTC-USD', price=50000.0, quantity=1.5, side=BUY}
New: Order: BTC-USD(1.50, SELL)
Found match for BTC-USD 1.5 with BTC-USD 1.5
 
]]></system-out>
  <system-err><![CDATA[]]></system-err>
</testsuite>
